<?xml version="1.0" encoding="UTF-8"?>
<robot generator="Robot 6.1.1 (Python 3.11.4 on win32)" generated="20230823 08:00:18.155" rpa="false" schemaversion="4">
<suite id="s1" name="TarefaDicionario" source="C:\Users\ev047953\Documents\Evandro\git\Robotudemy\VariaveisEscoposArgumentos\TarefaDicionario.robot">
<test id="s1-t1" name="Caso de teste 01" line="8">
<kw name="Mostrar o log">
<kw name="Log To Console" library="BuiltIn">
<arg>${MESES.Janeiro}</arg>
<doc>Logs the given message to the console.</doc>
<status status="PASS" starttime="20230823 08:00:18.179" endtime="20230823 08:00:18.182"/>
</kw>
<status status="PASS" starttime="20230823 08:00:18.178" endtime="20230823 08:00:18.182"/>
</kw>
<status status="PASS" starttime="20230823 08:00:18.177" endtime="20230823 08:00:18.182"/>
</test>
<doc>Exercicio/tarefa Dicionario</doc>
<status status="PASS" starttime="20230823 08:00:18.158" endtime="20230823 08:00:18.183"/>
</suite>
<statistics>
<total>
<stat pass="1" fail="0" skip="0">All Tests</stat>
</total>
<tag>
</tag>
<suite>
<stat pass="1" fail="0" skip="0" id="s1" name="TarefaDicionario">TarefaDicionario</stat>
</suite>
</statistics>
<errors>
</errors>
</robot>
