<?xml version="1.0" encoding="UTF-8"?>
<robot generator="Robot 6.1.1 (Python 3.11.4 on win32)" generated="20230925 15:09:19.722" rpa="false" schemaversion="4">
<suite id="s1" name="Api Testing Usuarios" source="C:\Users\ev047953\Documents\Evandro\git\Robotudemy\API_testing\tests\api_testing_usuarios.robot">
<test id="s1-t1" name="Cenário 01: Cadastrar um novo usuário com sucesso na ServeRest" line="9">
<kw name="Criar um usuário novo" library="api_testing_usuarios">
<kw name="Generate Random String" library="String">
<var>${palavra_aleatoria}</var>
<arg>length=4</arg>
<arg>chars=[LETTERS]</arg>
<doc>Generates a string with a desired ``length`` from the given ``chars``.</doc>
<msg timestamp="20230925 15:09:19.854" level="INFO">${palavra_aleatoria} = VBGT</msg>
<status status="PASS" starttime="20230925 15:09:19.853" endtime="20230925 15:09:19.854"/>
</kw>
<kw name="Convert To Lower Case" library="String">
<var>${palavra_aleatoria}</var>
<arg>${palavra_aleatoria}</arg>
<doc>Converts string to lower case.</doc>
<msg timestamp="20230925 15:09:19.854" level="INFO">${palavra_aleatoria} = vbgt</msg>
<status status="PASS" starttime="20230925 15:09:19.854" endtime="20230925 15:09:19.854"/>
</kw>
<kw name="Log" library="BuiltIn">
<arg>palavra aleatorio eh: ${palavra_aleatoria}@emailteste.com</arg>
<doc>Logs the given message with the given level.</doc>
<msg timestamp="20230925 15:09:19.854" level="INFO">palavra aleatorio eh: vbgt@emailteste.com</msg>
<status status="PASS" starttime="20230925 15:09:19.854" endtime="20230925 15:09:19.854"/>
</kw>
<status status="PASS" starttime="20230925 15:09:19.853" endtime="20230925 15:09:19.854"/>
</kw>
<status status="PASS" starttime="20230925 15:09:19.852" endtime="20230925 15:09:19.855"/>
</test>
<status status="PASS" starttime="20230925 15:09:19.724" endtime="20230925 15:09:19.855"/>
</suite>
<statistics>
<total>
<stat pass="1" fail="0" skip="0">All Tests</stat>
</total>
<tag>
</tag>
<suite>
<stat pass="1" fail="0" skip="0" id="s1" name="Api Testing Usuarios">Api Testing Usuarios</stat>
</suite>
</statistics>
<errors>
</errors>
</robot>
