<?xml version="1.0" encoding="UTF-8"?>
<robot generator="Robot 6.1.1 (Python 3.11.4 on win32)" generated="20230822 13:35:11.201" rpa="false" schemaversion="4">
<suite id="s1" name="Amazon Testes Gherkin Bdd" source="C:\Users\ev047953\Documents\Evandro\git\Robotudemy\WebTesting\amazon_testes_gherkin_bdd.robot">
<test id="s1-t1" name="Caso de Teste 04 - Remover Produto do Carrinho" line="35">
<kw name="Abrir o navegador" library="amazon_resources" type="SETUP">
<kw name="Open Browser" library="SeleniumLibrary">
<arg>browser=chrome</arg>
<doc>Opens a new browser instance to the optional ``url``.</doc>
<msg timestamp="20230822 13:35:11.414" level="INFO">Opening browser 'chrome' to base url 'None'.</msg>
<status status="PASS" starttime="20230822 13:35:11.414" endtime="20230822 13:35:13.542"/>
</kw>
<kw name="Maximize Browser Window" library="SeleniumLibrary">
<doc>Maximizes current browser window.</doc>
<status status="PASS" starttime="20230822 13:35:13.542" endtime="20230822 13:35:13.675"/>
</kw>
<status status="PASS" starttime="20230822 13:35:11.414" endtime="20230822 13:35:13.675"/>
</kw>
<kw name="Dado que estou na home page da Amazon.com.br" library="amazon_resources">
<kw name="Acessar a home page do site Amazon.com.br" library="amazon_resources">
<kw name="Go To" library="SeleniumLibrary">
<arg>url=${URL}</arg>
<doc>Navigates the current browser window to the provided ``url``.</doc>
<msg timestamp="20230822 13:35:13.677" level="INFO">Opening url 'https://www.amazon.com.br'</msg>
<status status="PASS" starttime="20230822 13:35:13.677" endtime="20230822 13:35:16.090"/>
</kw>
<kw name="Wait Until Page Contains Element" library="SeleniumLibrary">
<arg>locator=${MENU_ELETRONICOS}</arg>
<doc>Waits until the element ``locator`` appears on the current page.</doc>
<status status="PASS" starttime="20230822 13:35:16.090" endtime="20230822 13:35:16.130"/>
</kw>
<status status="PASS" starttime="20230822 13:35:13.677" endtime="20230822 13:35:16.130"/>
</kw>
<kw name="Verificar se o título da página fica &quot;Amazon.com.br | Tudo pra você, de A a Z.&quot;" library="amazon_resources" sourcename="Verificar se o título da página fica &quot;${TITULO}&quot;">
<kw name="Title Should Be" library="SeleniumLibrary">
<arg>title=${TITULO}</arg>
<doc>Verifies that the current page title equals ``title``.</doc>
<msg timestamp="20230822 13:35:16.161" level="INFO">Page title is 'Amazon.com.br | Tudo pra você, de A a Z.'.</msg>
<status status="PASS" starttime="20230822 13:35:16.131" endtime="20230822 13:35:16.161"/>
</kw>
<status status="PASS" starttime="20230822 13:35:16.130" endtime="20230822 13:35:16.161"/>
</kw>
<status status="PASS" starttime="20230822 13:35:13.676" endtime="20230822 13:35:16.162"/>
</kw>
<kw name="Quando adicionar o produto &quot;Console Xbox Series S&quot; no carrinho" library="amazon_resources">
<kw name="Quando pesquisar pelo produto &quot;Xbox Series S&quot;" library="amazon_resources">
<kw name="Digitar o nome de produto &quot;Xbox Series S&quot; no campo de pesquisa" library="amazon_resources" sourcename="Digitar o nome de produto &quot;${PRODUTO}&quot; no campo de pesquisa">
<kw name="Input Text" library="SeleniumLibrary">
<arg>locator=twotabsearchtextbox</arg>
<arg>text=${PRODUTO}</arg>
<doc>Types the given ``text`` into the text field identified by ``locator``.</doc>
<msg timestamp="20230822 13:35:16.163" level="INFO">Typing text 'Xbox Series S' into text field 'twotabsearchtextbox'.</msg>
<status status="PASS" starttime="20230822 13:35:16.162" endtime="20230822 13:35:16.362"/>
</kw>
<status status="PASS" starttime="20230822 13:35:16.162" endtime="20230822 13:35:16.362"/>
</kw>
<kw name="Clicar no botão de pesquisa" library="amazon_resources">
<kw name="Click Button" library="SeleniumLibrary">
<arg>locator=nav-search-submit-button</arg>
<doc>Clicks the button identified by ``locator``.</doc>
<msg timestamp="20230822 13:35:16.363" level="INFO">Clicking button 'nav-search-submit-button'.</msg>
<status status="PASS" starttime="20230822 13:35:16.362" endtime="20230822 13:35:16.486"/>
</kw>
<status status="PASS" starttime="20230822 13:35:16.362" endtime="20230822 13:35:16.487"/>
</kw>
<kw name="Wait Until Page Contains Element" library="SeleniumLibrary">
<arg>locator=//span[@class='a-size-base-plus a-color-base a-text-normal'][contains(.,'Console Xbox Series S')]</arg>
<doc>Waits until the element ``locator`` appears on the current page.</doc>
<status status="PASS" starttime="20230822 13:35:16.487" endtime="20230822 13:35:17.523"/>
</kw>
<status status="PASS" starttime="20230822 13:35:16.162" endtime="20230822 13:35:17.523"/>
</kw>
<kw name="Adicionar o produto &quot;Console Xbox Series S&quot; no carrinho" library="amazon_resources">
<kw name="Wait Until Element Is Visible" library="SeleniumLibrary">
<arg>locator=//span[@class='a-size-base-plus a-color-base a-text-normal'][contains(.,'Console Xbox Series S')]</arg>
<doc>Waits until the element ``locator`` is visible.</doc>
<status status="PASS" starttime="20230822 13:35:17.523" endtime="20230822 13:35:17.544"/>
</kw>
<kw name="Click Element" library="SeleniumLibrary">
<arg>locator=//span[@class='a-size-base-plus a-color-base a-text-normal'][contains(.,'Console Xbox Series S')]</arg>
<doc>Click the element identified by ``locator``.</doc>
<msg timestamp="20230822 13:35:17.545" level="INFO">Clicking element '//span[@class='a-size-base-plus a-color-base a-text-normal'][contains(.,'Console Xbox Series S')]'.</msg>
<status status="PASS" starttime="20230822 13:35:17.544" endtime="20230822 13:35:25.352"/>
</kw>
<kw name="Wait Until Element Is Visible" library="SeleniumLibrary">
<arg>locator=add-to-cart-button</arg>
<doc>Waits until the element ``locator`` is visible.</doc>
<status status="PASS" starttime="20230822 13:35:25.352" endtime="20230822 13:35:25.390"/>
</kw>
<kw name="Click Button" library="SeleniumLibrary">
<arg>locator=add-to-cart-button</arg>
<doc>Clicks the button identified by ``locator``.</doc>
<msg timestamp="20230822 13:35:25.390" level="INFO">Clicking button 'add-to-cart-button'.</msg>
<status status="PASS" starttime="20230822 13:35:25.390" endtime="20230822 13:35:26.571"/>
</kw>
<status status="PASS" starttime="20230822 13:35:17.523" endtime="20230822 13:35:26.571"/>
</kw>
<status status="PASS" starttime="20230822 13:35:16.162" endtime="20230822 13:35:26.571"/>
</kw>
<kw name="Então o produto &quot;Console Xbox Series S&quot; deve ser mostrado no carrinho" library="amazon_resources">
<kw name="Verificar se o produto &quot;Console Xbox Series S&quot; foi adicionado com sucesso" library="amazon_resources">
<kw name="Wait Until Element Is Visible" library="SeleniumLibrary">
<arg>locator=//span[@class='a-size-medium-plus a-color-base sw-atc-text a-text-bold'][contains(.,'Adicionado ao carrinho')]</arg>
<doc>Waits until the element ``locator`` is visible.</doc>
<status status="PASS" starttime="20230822 13:35:26.572" endtime="20230822 13:35:26.642"/>
</kw>
<status status="PASS" starttime="20230822 13:35:26.572" endtime="20230822 13:35:26.642"/>
</kw>
<status status="PASS" starttime="20230822 13:35:26.571" endtime="20230822 13:35:26.642"/>
</kw>
<kw name="E existe o produto &quot;Console Xbox Series S&quot; no carrinho" library="amazon_resources">
<kw name="Verificar se o produto &quot;Console Xbox Series S&quot; foi adicionado com sucesso" library="amazon_resources">
<kw name="Wait Until Element Is Visible" library="SeleniumLibrary">
<arg>locator=//span[@class='a-size-medium-plus a-color-base sw-atc-text a-text-bold'][contains(.,'Adicionado ao carrinho')]</arg>
<doc>Waits until the element ``locator`` is visible.</doc>
<status status="PASS" starttime="20230822 13:35:26.643" endtime="20230822 13:35:26.701"/>
</kw>
<status status="PASS" starttime="20230822 13:35:26.643" endtime="20230822 13:35:26.701"/>
</kw>
<status status="PASS" starttime="20230822 13:35:26.643" endtime="20230822 13:35:26.701"/>
</kw>
<kw name="Quando remover o produto &quot;Console Xbox Series S&quot; do carrinho" library="amazon_resources">
<kw name="Remover o produto &quot;Console Xbox Series S&quot; do carrinho" library="amazon_resources">
<kw name="Wait Until Element Is Visible" library="SeleniumLibrary">
<arg>locator=//a[contains(@data-csa-c-type,'button')]</arg>
<doc>Waits until the element ``locator`` is visible.</doc>
<status status="PASS" starttime="20230822 13:35:26.705" endtime="20230822 13:35:26.778"/>
</kw>
<kw name="Click Element" library="SeleniumLibrary">
<arg>locator=//a[contains(@data-csa-c-type,'button')]</arg>
<doc>Click the element identified by ``locator``.</doc>
<msg timestamp="20230822 13:35:26.778" level="INFO">Clicking element '//a[contains(@data-csa-c-type,'button')]'.</msg>
<status status="PASS" starttime="20230822 13:35:26.778" endtime="20230822 13:35:27.610"/>
</kw>
<kw name="Wait Until Element Is Visible" library="SeleniumLibrary">
<arg>locator=//h1[contains(.,'Carrinho de compras')]</arg>
<doc>Waits until the element ``locator`` is visible.</doc>
<status status="PASS" starttime="20230822 13:35:27.610" endtime="20230822 13:35:27.638"/>
</kw>
<kw name="Click Element" library="SeleniumLibrary">
<arg>locator=//input[contains(@aria-label,'Excluir Console Xbox Series S')]</arg>
<doc>Click the element identified by ``locator``.</doc>
<msg timestamp="20230822 13:35:27.638" level="INFO">Clicking element '//input[contains(@aria-label,'Excluir Console Xbox Series S')]'.</msg>
<status status="PASS" starttime="20230822 13:35:27.638" endtime="20230822 13:35:27.710"/>
</kw>
<status status="PASS" starttime="20230822 13:35:26.703" endtime="20230822 13:35:27.710"/>
</kw>
<status status="PASS" starttime="20230822 13:35:26.702" endtime="20230822 13:35:27.710"/>
</kw>
<kw name="Então o carrinho deve ficar vazio" library="amazon_resources">
<kw name="Verificar se o carrinho fica vazio" library="amazon_resources">
<kw name="Wait Until Element Is Visible" library="SeleniumLibrary">
<arg>locator=//h1[contains(.,'Seu carrinho de compras da Amazon está vazio.')]</arg>
<doc>Waits until the element ``locator`` is visible.</doc>
<status status="PASS" starttime="20230822 13:35:27.711" endtime="20230822 13:35:28.145"/>
</kw>
<status status="PASS" starttime="20230822 13:35:27.711" endtime="20230822 13:35:28.145"/>
</kw>
<status status="PASS" starttime="20230822 13:35:27.710" endtime="20230822 13:35:28.145"/>
</kw>
<kw name="Fechar o navegador" library="amazon_resources" type="TEARDOWN">
<kw name="Capture Page Screenshot" library="SeleniumLibrary">
<doc>Takes a screenshot of the current page and embeds it into a log file.</doc>
<msg timestamp="20230822 13:35:28.322" level="INFO" html="true">&lt;/td&gt;&lt;/tr&gt;&lt;tr&gt;&lt;td colspan="3"&gt;&lt;a href="selenium-screenshot-22.png"&gt;&lt;img src="selenium-screenshot-22.png" width="800px"&gt;&lt;/a&gt;</msg>
<status status="PASS" starttime="20230822 13:35:28.146" endtime="20230822 13:35:28.322"/>
</kw>
<kw name="Close Browser" library="SeleniumLibrary">
<doc>Closes the current browser.</doc>
<status status="PASS" starttime="20230822 13:35:28.322" endtime="20230822 13:35:30.632"/>
</kw>
<status status="PASS" starttime="20230822 13:35:28.146" endtime="20230822 13:35:30.632"/>
</kw>
<doc>Esse teste verifica a remoção de um produto no carrinho de compras</doc>
<tag>remover_carrinho</tag>
<status status="PASS" starttime="20230822 13:35:11.414" endtime="20230822 13:35:30.633"/>
</test>
<doc>Essa suite testa o site da Amazon.com.br</doc>
<status status="PASS" starttime="20230822 13:35:11.203" endtime="20230822 13:35:30.634"/>
</suite>
<statistics>
<total>
<stat pass="1" fail="0" skip="0">All Tests</stat>
</total>
<tag>
<stat pass="1" fail="0" skip="0">remover_carrinho</stat>
</tag>
<suite>
<stat pass="1" fail="0" skip="0" id="s1" name="Amazon Testes Gherkin Bdd">Amazon Testes Gherkin Bdd</stat>
</suite>
</statistics>
<errors>
</errors>
</robot>
