<?xml version="1.0" encoding="UTF-8"?>
<robot generator="Robot 6.1.1 (Python 3.11.4 on win32)" generated="20230817 13:14:52.119" rpa="false" schemaversion="4">
<suite id="s1" name="Amazon Testes" source="C:\Users\ev047953\Documents\Evandro\git\Robotudemy\WebTesting\amazon_testes.robot">
<test id="s1-t1" name="Caso de Teste 01 - Acesso ao menu &quot;Eletrônicos&quot;" line="10">
<kw name="Abrir o navegador" library="amazon_resources" type="SETUP">
<kw name="Open Browser" library="SeleniumLibrary">
<arg>browser=chrome</arg>
<doc>Opens a new browser instance to the optional ``url``.</doc>
<msg timestamp="20230817 13:14:52.296" level="INFO">Opening browser 'chrome' to base url 'None'.</msg>
<status status="PASS" starttime="20230817 13:14:52.295" endtime="20230817 13:14:54.180"/>
</kw>
<kw name="Maximize Browser Window" library="SeleniumLibrary">
<doc>Maximizes current browser window.</doc>
<status status="PASS" starttime="20230817 13:14:54.180" endtime="20230817 13:14:54.301"/>
</kw>
<status status="PASS" starttime="20230817 13:14:52.295" endtime="20230817 13:14:54.301"/>
</kw>
<kw name="Acessar a home page do site Amazon.com.br" library="amazon_resources">
<kw name="Go To" library="SeleniumLibrary">
<arg>url=${URL}</arg>
<doc>Navigates the current browser window to the provided ``url``.</doc>
<msg timestamp="20230817 13:14:54.302" level="INFO">Opening url 'https://www.amazon.com.br'</msg>
<status status="PASS" starttime="20230817 13:14:54.302" endtime="20230817 13:15:02.687"/>
</kw>
<kw name="Wait Until Page Contains Element" library="SeleniumLibrary">
<arg>locator=${MENU_ELETRONICOS}</arg>
<doc>Waits until the element ``locator`` appears on the current page.</doc>
<status status="PASS" starttime="20230817 13:15:02.687" endtime="20230817 13:15:02.717"/>
</kw>
<status status="PASS" starttime="20230817 13:14:54.302" endtime="20230817 13:15:02.717"/>
</kw>
<kw name="Entrar no menu &quot;Eletrônicos&quot;" library="amazon_resources">
<kw name="Click Element" library="SeleniumLibrary">
<arg>locator=${MENU_ELETRONICOS}</arg>
<doc>Click the element identified by ``locator``.</doc>
<msg timestamp="20230817 13:15:02.719" level="INFO">Clicking element '//a[@href='/Eletronicos-e-Tecnologia/b/?ie=UTF8&amp;node=16209062011&amp;ref_=nav_cs_electronics'][contains(.,'Eletrônicos')]'.</msg>
<status status="PASS" starttime="20230817 13:15:02.718" endtime="20230817 13:15:03.858"/>
</kw>
<status status="PASS" starttime="20230817 13:15:02.718" endtime="20230817 13:15:03.858"/>
</kw>
<kw name="Verificar se aparece a frase &quot;Eletrônicos e Tecnologia&quot;" library="amazon_resources" sourcename="Verificar se aparece a frase &quot;${FRASE}&quot;">
<kw name="Wait Until Page Contains" library="SeleniumLibrary">
<arg>text=${FRASE}</arg>
<doc>Waits until ``text`` appears on the current page.</doc>
<status status="PASS" starttime="20230817 13:15:03.859" endtime="20230817 13:15:03.892"/>
</kw>
<kw name="Wait Until Element Is Visible" library="SeleniumLibrary">
<arg>locator=${HEADER_ELETRONICOS}</arg>
<doc>Waits until the element ``locator`` is visible.</doc>
<status status="PASS" starttime="20230817 13:15:03.893" endtime="20230817 13:15:03.986"/>
</kw>
<status status="PASS" starttime="20230817 13:15:03.858" endtime="20230817 13:15:03.986"/>
</kw>
<kw name="Verificar se o título da página fica &quot;Eletrônicos e Tecnologia | Amazon.com.br&quot;" library="amazon_resources" sourcename="Verificar se o título da página fica &quot;${TITULO}&quot;">
<kw name="Title Should Be" library="SeleniumLibrary">
<arg>title=${TITULO}</arg>
<doc>Verifies that the current page title equals ``title``.</doc>
<msg timestamp="20230817 13:15:03.998" level="INFO">Page title is 'Eletrônicos e Tecnologia | Amazon.com.br'.</msg>
<status status="PASS" starttime="20230817 13:15:03.989" endtime="20230817 13:15:03.999"/>
</kw>
<status status="PASS" starttime="20230817 13:15:03.987" endtime="20230817 13:15:03.999"/>
</kw>
<kw name="Verificar se aparece a categoria &quot;Computadores e Informática&quot;" library="amazon_resources" sourcename="Verificar se aparece a categoria &quot;${NOME_CATEGORIA}&quot;">
<kw name="Element Should Be Visible" library="SeleniumLibrary">
<arg>locator=//a[@aria-label='${NOME_CATEGORIA}']</arg>
<doc>Verifies that the element identified by ``locator`` is visible.</doc>
<msg timestamp="20230817 13:15:04.060" level="INFO">Element '//a[@aria-label='Computadores e Informática']' is displayed.</msg>
<status status="PASS" starttime="20230817 13:15:03.999" endtime="20230817 13:15:04.060"/>
</kw>
<status status="PASS" starttime="20230817 13:15:03.999" endtime="20230817 13:15:04.060"/>
</kw>
<kw name="Fechar o navegador" library="amazon_resources" type="TEARDOWN">
<kw name="Capture Page Screenshot" library="SeleniumLibrary">
<doc>Takes a screenshot of the current page and embeds it into a log file.</doc>
<msg timestamp="20230817 13:15:04.315" level="INFO" html="true">&lt;/td&gt;&lt;/tr&gt;&lt;tr&gt;&lt;td colspan="3"&gt;&lt;a href="selenium-screenshot-4.png"&gt;&lt;img src="selenium-screenshot-4.png" width="800px"&gt;&lt;/a&gt;</msg>
<status status="PASS" starttime="20230817 13:15:04.061" endtime="20230817 13:15:04.315"/>
</kw>
<kw name="Close Browser" library="SeleniumLibrary">
<doc>Closes the current browser.</doc>
<status status="PASS" starttime="20230817 13:15:04.315" endtime="20230817 13:15:06.654"/>
</kw>
<status status="PASS" starttime="20230817 13:15:04.061" endtime="20230817 13:15:06.654"/>
</kw>
<doc>Esse teste verifica o menu eletronicos do site da Amazon.com.br
e verifica a categoria computadores e Informática</doc>
<tag>categorias</tag>
<tag>menus</tag>
<status status="PASS" starttime="20230817 13:14:52.295" endtime="20230817 13:15:06.655"/>
</test>
<test id="s1-t2" name="Caso de Teste 02 - Pesquisa de um Produto" line="20">
<kw name="Abrir o navegador" library="amazon_resources" type="SETUP">
<kw name="Open Browser" library="SeleniumLibrary">
<arg>browser=chrome</arg>
<doc>Opens a new browser instance to the optional ``url``.</doc>
<msg timestamp="20230817 13:15:06.657" level="INFO">Opening browser 'chrome' to base url 'None'.</msg>
<status status="PASS" starttime="20230817 13:15:06.657" endtime="20230817 13:15:08.550"/>
</kw>
<kw name="Maximize Browser Window" library="SeleniumLibrary">
<doc>Maximizes current browser window.</doc>
<status status="PASS" starttime="20230817 13:15:08.550" endtime="20230817 13:15:08.666"/>
</kw>
<status status="PASS" starttime="20230817 13:15:06.656" endtime="20230817 13:15:08.666"/>
</kw>
<kw name="Acessar a home page do site Amazon.com.br" library="amazon_resources">
<kw name="Go To" library="SeleniumLibrary">
<arg>url=${URL}</arg>
<doc>Navigates the current browser window to the provided ``url``.</doc>
<msg timestamp="20230817 13:15:08.668" level="INFO">Opening url 'https://www.amazon.com.br'</msg>
<status status="PASS" starttime="20230817 13:15:08.668" endtime="20230817 13:15:10.390"/>
</kw>
<kw name="Wait Until Page Contains Element" library="SeleniumLibrary">
<arg>locator=${MENU_ELETRONICOS}</arg>
<doc>Waits until the element ``locator`` appears on the current page.</doc>
<status status="PASS" starttime="20230817 13:15:10.390" endtime="20230817 13:15:10.403"/>
</kw>
<status status="PASS" starttime="20230817 13:15:08.667" endtime="20230817 13:15:10.403"/>
</kw>
<kw name="Digitar o nome de produto &quot;Xbox Series S&quot; no campo de pesquisa" library="amazon_resources" sourcename="Digitar o nome de produto &quot;${PRODUTO}&quot; no campo de pesquisa">
<kw name="Input Text" library="SeleniumLibrary">
<arg>locator=twotabsearchtextbox</arg>
<arg>text=${PRODUTO}</arg>
<doc>Types the given ``text`` into the text field identified by ``locator``.</doc>
<msg timestamp="20230817 13:15:10.404" level="INFO">Typing text 'Xbox Series S' into text field 'twotabsearchtextbox'.</msg>
<status status="PASS" starttime="20230817 13:15:10.403" endtime="20230817 13:15:10.546"/>
</kw>
<status status="PASS" starttime="20230817 13:15:10.403" endtime="20230817 13:15:10.546"/>
</kw>
<kw name="Clicar no botão de pesquisa" library="amazon_resources">
<kw name="Click Button" library="SeleniumLibrary">
<arg>locator=nav-search-submit-button</arg>
<doc>Clicks the button identified by ``locator``.</doc>
<msg timestamp="20230817 13:15:10.547" level="INFO">Clicking button 'nav-search-submit-button'.</msg>
<status status="PASS" starttime="20230817 13:15:10.547" endtime="20230817 13:15:10.674"/>
</kw>
<status status="PASS" starttime="20230817 13:15:10.546" endtime="20230817 13:15:10.674"/>
</kw>
<kw name="Verificar o resultado da pesquisa, se está listando o produto &quot;Xbox Series S&quot;" library="amazon_resources" sourcename="Verificar o resultado da pesquisa, se está listando o produto &quot;${PRODUTO}&quot;">
<kw name="Wait Until Element Is Visible" library="SeleniumLibrary">
<arg>locator=(//span[contains(.,'${PRODUTO}')])[2]</arg>
<arg>timeout=30</arg>
<doc>Waits until the element ``locator`` is visible.</doc>
<status status="PASS" starttime="20230817 13:15:10.675" endtime="20230817 13:15:11.285"/>
</kw>
<status status="PASS" starttime="20230817 13:15:10.675" endtime="20230817 13:15:11.285"/>
</kw>
<kw name="Fechar o navegador" library="amazon_resources" type="TEARDOWN">
<kw name="Capture Page Screenshot" library="SeleniumLibrary">
<doc>Takes a screenshot of the current page and embeds it into a log file.</doc>
<msg timestamp="20230817 13:15:11.418" level="INFO" html="true">&lt;/td&gt;&lt;/tr&gt;&lt;tr&gt;&lt;td colspan="3"&gt;&lt;a href="selenium-screenshot-5.png"&gt;&lt;img src="selenium-screenshot-5.png" width="800px"&gt;&lt;/a&gt;</msg>
<status status="PASS" starttime="20230817 13:15:11.286" endtime="20230817 13:15:11.418"/>
</kw>
<kw name="Close Browser" library="SeleniumLibrary">
<doc>Closes the current browser.</doc>
<status status="PASS" starttime="20230817 13:15:11.419" endtime="20230817 13:15:13.587"/>
</kw>
<status status="PASS" starttime="20230817 13:15:11.286" endtime="20230817 13:15:13.587"/>
</kw>
<doc>Esse teste verifica a busca de um produto</doc>
<tag>busca_produtos</tag>
<tag>lista_busca</tag>
<status status="PASS" starttime="20230817 13:15:06.656" endtime="20230817 13:15:13.588"/>
</test>
<doc>Essa suite testa o site da Amazon.com.br</doc>
<status status="PASS" starttime="20230817 13:14:52.121" endtime="20230817 13:15:13.589"/>
</suite>
<statistics>
<total>
<stat pass="2" fail="0" skip="0">All Tests</stat>
</total>
<tag>
<stat pass="1" fail="0" skip="0">busca_produtos</stat>
<stat pass="1" fail="0" skip="0">categorias</stat>
<stat pass="1" fail="0" skip="0">lista_busca</stat>
<stat pass="1" fail="0" skip="0">menus</stat>
</tag>
<suite>
<stat pass="2" fail="0" skip="0" id="s1" name="Amazon Testes">Amazon Testes</stat>
</suite>
</statistics>
<errors>
</errors>
</robot>
